/usr/local/lib/python3.11/site-packages/sklearn/impute/_base.py:637: UserWarning: Skipping features without any observed values: ['voix_re' 'voix_pct_re' 'voix_nupes' 'voix_pct_nupes' 'voix_roussel'
 'voix_pct_roussel' 'voix_jadot' 'voix_pct_jadot' 'voix_hidalgo'
 'voix_pct_hidalgo' 'voix_pecresse' 'voix_pct_pecresse' 'voix_zemmour'
 'voix_pct_zemmour' 're_pct' 'nupes_pct' 'roussel_pct' 'jadot_pct'
 'hidalgo_pct' 'pecresse_pct' 'zemmour_pct']. At least one non-missing value is needed for imputation with strategy='mean'.
  warnings.warn(
/usr/local/lib/python3.11/site-packages/sklearn/linear_model/_logistic.py:473: ConvergenceWarning: lbfgs failed to converge after 300 iteration(s) (status=1):
STOP: TOTAL NO. OF ITERATIONS REACHED LIMIT

Increase the number of iterations to improve the convergence (max_iter=300).
You might also want to scale the data as shown in:
    https://scikit-learn.org/stable/modules/preprocessing.html
Please also refer to the documentation for alternative solver options:
    https://scikit-learn.org/stable/modules/linear_model.html#logistic-regression
  n_iter_i = _check_optimize_result(
/usr/local/lib/python3.11/site-packages/sklearn/impute/_base.py:637: UserWarning: Skipping features without any observed values: ['voix_re' 'voix_pct_re' 'voix_nupes' 'voix_pct_nupes' 'voix_roussel'
 'voix_pct_roussel' 'voix_jadot' 'voix_pct_jadot' 'voix_hidalgo'
 'voix_pct_hidalgo' 'voix_pecresse' 'voix_pct_pecresse' 'voix_zemmour'
 'voix_pct_zemmour' 're_pct' 'nupes_pct' 'roussel_pct' 'jadot_pct'
 'hidalgo_pct' 'pecresse_pct' 'zemmour_pct']. At least one non-missing value is needed for imputation with strategy='mean'.
  warnings.warn(
/usr/local/lib/python3.11/site-packages/sklearn/impute/_base.py:637: UserWarning: Skipping features without any observed values: ['voix_re' 'voix_pct_re' 'voix_nupes' 'voix_pct_nupes' 'voix_roussel'
 'voix_pct_roussel' 'voix_jadot' 'voix_pct_jadot' 'voix_hidalgo'
 'voix_pct_hidalgo' 'voix_pecresse' 'voix_pct_pecresse' 'voix_zemmour'
 'voix_pct_zemmour' 're_pct' 'nupes_pct' 'roussel_pct' 'jadot_pct'
 'hidalgo_pct' 'pecresse_pct' 'zemmour_pct']. At least one non-missing value is needed for imputation with strategy='mean'.
  warnings.warn(
/usr/local/lib/python3.11/site-packages/sklearn/impute/_base.py:637: UserWarning: Skipping features without any observed values: ['voix_re' 'voix_pct_re' 'voix_nupes' 'voix_pct_nupes' 'voix_roussel'
 'voix_pct_roussel' 'voix_jadot' 'voix_pct_jadot' 'voix_hidalgo'
 'voix_pct_hidalgo' 'voix_pecresse' 'voix_pct_pecresse' 'voix_zemmour'
 'voix_pct_zemmour' 're_pct' 'nupes_pct' 'roussel_pct' 'jadot_pct'
 'hidalgo_pct' 'pecresse_pct' 'zemmour_pct']. At least one non-missing value is needed for imputation with strategy='mean'.
  warnings.warn(
/usr/local/lib/python3.11/site-packages/sklearn/impute/_base.py:637: UserWarning: Skipping features without any observed values: ['voix_re' 'voix_pct_re' 'voix_nupes' 'voix_pct_nupes' 'voix_roussel'
 'voix_pct_roussel' 'voix_jadot' 'voix_pct_jadot' 'voix_hidalgo'
 'voix_pct_hidalgo' 'voix_pecresse' 'voix_pct_pecresse' 'voix_zemmour'
 'voix_pct_zemmour' 're_pct' 'nupes_pct' 'roussel_pct' 'jadot_pct'
 'hidalgo_pct' 'pecresse_pct' 'zemmour_pct']. At least one non-missing value is needed for imputation with strategy='mean'.
  warnings.warn(
/usr/local/lib/python3.11/site-packages/sklearn/impute/_base.py:637: UserWarning: Skipping features without any observed values: ['voix_re' 'voix_pct_re' 'voix_nupes' 'voix_pct_nupes' 'voix_roussel'
 'voix_pct_roussel' 'voix_jadot' 'voix_pct_jadot' 'voix_hidalgo'
 'voix_pct_hidalgo' 'voix_pecresse' 'voix_pct_pecresse' 'voix_zemmour'
 'voix_pct_zemmour' 're_pct' 'nupes_pct' 'roussel_pct' 'jadot_pct'
 'hidalgo_pct' 'pecresse_pct' 'zemmour_pct']. At least one non-missing value is needed for imputation with strategy='mean'.
  warnings.warn(
/usr/local/lib/python3.11/site-packages/sklearn/impute/_base.py:637: UserWarning: Skipping features without any observed values: ['voix_re' 'voix_pct_re' 'voix_nupes' 'voix_pct_nupes' 'voix_roussel'
 'voix_pct_roussel' 'voix_jadot' 'voix_pct_jadot' 'voix_hidalgo'
 'voix_pct_hidalgo' 'voix_pecresse' 'voix_pct_pecresse' 'voix_zemmour'
 'voix_pct_zemmour' 're_pct' 'nupes_pct' 'roussel_pct' 'jadot_pct'
 'hidalgo_pct' 'pecresse_pct' 'zemmour_pct']. At least one non-missing value is needed for imputation with strategy='mean'.
  warnings.warn(
/usr/local/lib/python3.11/site-packages/sklearn/impute/_base.py:637: UserWarning: Skipping features without any observed values: ['voix_re' 'voix_pct_re' 'voix_nupes' 'voix_pct_nupes' 'voix_roussel'
 'voix_pct_roussel' 'voix_jadot' 'voix_pct_jadot' 'voix_hidalgo'
 'voix_pct_hidalgo' 'voix_pecresse' 'voix_pct_pecresse' 'voix_zemmour'
 'voix_pct_zemmour' 're_pct' 'nupes_pct' 'roussel_pct' 'jadot_pct'
 'hidalgo_pct' 'pecresse_pct' 'zemmour_pct']. At least one non-missing value is needed for imputation with strategy='mean'.
  warnings.warn(
[OK] Metrics saved to reports/metrics.csv
[OK] Confusion matrices saved to reports/figures
